# JRE version: Java(TM) SE Runtime Environment (8.0_60-b27) (build 1.8.0_60-b27)
# Java VM: Java HotSpot(TM) 64-Bit Server VM (25.60-b23 mixed mode windows-amd64 compressed oops)
Heap:
 PSYoungGen      total 76288K, used 27453K [0x00000000eab00000, 0x00000000f0400000, 0x0000000100000000)
  eden space 64512K, 26% used [0x00000000eab00000,0x00000000ebb908d0,0x00000000eea00000)
  from space 11776K, 89% used [0x00000000ef680000,0x00000000f00beca0,0x00000000f0200000)
  to   space 12800K, 0% used [0x00000000eea00000,0x00000000eea00000,0x00000000ef680000)
 ParOldGen       total 44032K, used 18617K [0x00000000c0000000, 0x00000000c2b00000, 0x00000000eab00000)
  object space 44032K, 42% used [0x00000000c0000000,0x00000000c122e758,0x00000000c2b00000)
 Metaspace       used 7951K, capacity 8130K, committed 8320K, reserved 1056768K
  class space    used 791K, capacity 818K, committed 896K, reserved 1048576K
GC Heap History (10 events):
Event: 16.096 GC heap before
{Heap before GC invocations=6 (full 0):
 PSYoungGen      total 18944K, used 18912K [0x00000000eab00000, 0x00000000ee200000, 0x0000000100000000)
  eden space 16384K, 100% used [0x00000000eab00000,0x00000000ebb00000,0x00000000ebb00000)
  from space 2560K, 98% used [0x00000000ebb00000,0x00000000ebd78100,0x00000000ebd80000)
  to   space 11776K, 0% used [0x00000000ed680000,0x00000000ed680000,0x00000000ee200000)
 ParOldGen       total 44032K, used 23388K [0x00000000c0000000, 0x00000000c2b00000, 0x00000000eab00000)
  object space 44032K, 53% used [0x00000000c0000000,0x00000000c16d7138,0x00000000c2b00000)
 Metaspace       used 7915K, capacity 8130K, committed 8320K, reserved 1056768K
  class space    used 791K, capacity 818K, committed 896K, reserved 1048576K
Event: 16.108 GC heap after
Heap after GC invocations=6 (full 0):
 PSYoungGen      total 44544K, used 5177K [0x00000000eab00000, 0x00000000ee200000, 0x0000000100000000)
  eden space 32768K, 0% used [0x00000000eab00000,0x00000000eab00000,0x00000000ecb00000)
  from space 11776K, 43% used [0x00000000ed680000,0x00000000edb8e680,0x00000000ee200000)
  to   space 11776K, 0% used [0x00000000ecb00000,0x00000000ecb00000,0x00000000ed680000)
 ParOldGen       total 44032K, used 23388K [0x00000000c0000000, 0x00000000c2b00000, 0x00000000eab00000)
  object space 44032K, 53% used [0x00000000c0000000,0x00000000c16d7138,0x00000000c2b00000)
 Metaspace       used 7915K, capacity 8130K, committed 8320K, reserved 1056768K
  class space    used 791K, capacity 818K, committed 896K, reserved 1048576K
}
Event: 16.223 GC heap before
{Heap before GC invocations=7 (full 0):
 PSYoungGen      total 44544K, used 37945K [0x00000000eab00000, 0x00000000ee200000, 0x0000000100000000)
  eden space 32768K, 100% used [0x00000000eab00000,0x00000000ecb00000,0x00000000ecb00000)
  from space 11776K, 43% used [0x00000000ed680000,0x00000000edb8e680,0x00000000ee200000)
  to   space 11776K, 0% used [0x00000000ecb00000,0x00000000ecb00000,0x00000000ed680000)
 ParOldGen       total 44032K, used 23388K [0x00000000c0000000, 0x00000000c2b00000, 0x00000000eab00000)
  object space 44032K, 53% used [0x00000000c0000000,0x00000000c16d7138,0x00000000c2b00000)
 Metaspace       used 7926K, capacity 8130K, committed 8320K, reserved 1056768K
  class space    used 791K, capacity 818K, committed 896K, reserved 1048576K
Event: 16.235 GC heap after
Heap after GC invocations=7 (full 0):
 PSYoungGen      total 44544K, used 8224K [0x00000000eab00000, 0x00000000f0200000, 0x0000000100000000)
  eden space 32768K, 0% used [0x00000000eab00000,0x00000000eab00000,0x00000000ecb00000)
  from space 11776K, 69% used [0x00000000ecb00000,0x00000000ed308358,0x00000000ed680000)
  to   space 11776K, 0% used [0x00000000ef680000,0x00000000ef680000,0x00000000f0200000)
 ParOldGen       total 44032K, used 25138K [0x00000000c0000000, 0x00000000c2b00000, 0x00000000eab00000)
  object space 44032K, 57% used [0x00000000c0000000,0x00000000c188ca78,0x00000000c2b00000)
 Metaspace       used 7926K, capacity 8130K, committed 8320K, reserved 1056768K
  class space    used 791K, capacity 818K, committed 896K, reserved 1048576K
}
Event: 16.332 GC heap before
{Heap before GC invocations=8 (full 0):
 PSYoungGen      total 44544K, used 40992K [0x00000000eab00000, 0x00000000f0200000, 0x0000000100000000)
  eden space 32768K, 100% used [0x00000000eab00000,0x00000000ecb00000,0x00000000ecb00000)
  from space 11776K, 69% used [0x00000000ecb00000,0x00000000ed308358,0x00000000ed680000)
  to   space 11776K, 0% used [0x00000000ef680000,0x00000000ef680000,0x00000000f0200000)
 ParOldGen       total 44032K, used 25138K [0x00000000c0000000, 0x00000000c2b00000, 0x00000000eab00000)
  object space 44032K, 57% used [0x00000000c0000000,0x00000000c188ca78,0x00000000c2b00000)
 Metaspace       used 7933K, capacity 8130K, committed 8320K, reserved 1056768K
  class space    used 791K, capacity 818K, committed 896K, reserved 1048576K
Event: 16.344 GC heap after
Heap after GC invocations=8 (full 0):
 PSYoungGen      total 76288K, used 10912K [0x00000000eab00000, 0x00000000f0400000, 0x0000000100000000)
  eden space 64512K, 0% used [0x00000000eab00000,0x00000000eab00000,0x00000000eea00000)
  from space 11776K, 92% used [0x00000000ef680000,0x00000000f0128200,0x00000000f0200000)
  to   space 12800K, 0% used [0x00000000eea00000,0x00000000eea00000,0x00000000ef680000)
 ParOldGen       total 44032K, used 30410K [0x00000000c0000000, 0x00000000c2b00000, 0x00000000eab00000)
  object space 44032K, 69% used [0x00000000c0000000,0x00000000c1db28a8,0x00000000c2b00000)
 Metaspace       used 7933K, capacity 8130K, committed 8320K, reserved 1056768K
  class space    used 791K, capacity 818K, committed 896K, reserved 1048576K
}
Event: 16.509 GC heap before
{Heap before GC invocations=9 (full 0):
 PSYoungGen      total 76288K, used 75424K [0x00000000eab00000, 0x00000000f0400000, 0x0000000100000000)
  eden space 64512K, 100% used [0x00000000eab00000,0x00000000eea00000,0x00000000eea00000)
  from space 11776K, 92% used [0x00000000ef680000,0x00000000f0128200,0x00000000f0200000)
  to   space 12800K, 0% used [0x00000000eea00000,0x00000000eea00000,0x00000000ef680000)
 ParOldGen       total 44032K, used 30410K [0x00000000c0000000, 0x00000000c2b00000, 0x00000000eab00000)
  object space 44032K, 69% used [0x00000000c0000000,0x00000000c1db28a8,0x00000000c2b00000)
 Metaspace       used 7951K, capacity 8130K, committed 8320K, reserved 1056768K
  class space    used 791K, capacity 818K, committed 896K, reserved 1048576K
Event: 16.516 GC heap after
Heap after GC invocations=9 (full 0):
 PSYoungGen      total 77312K, used 12782K [0x00000000eab00000, 0x00000000f0400000, 0x0000000100000000)
  eden space 64512K, 0% used [0x00000000eab00000,0x00000000eab00000,0x00000000eea00000)
  from space 12800K, 99% used [0x00000000eea00000,0x00000000ef67bad0,0x00000000ef680000)
  to   space 11776K, 0% used [0x00000000ef680000,0x00000000ef680000,0x00000000f0200000)
 ParOldGen       total 44032K, used 36205K [0x00000000c0000000, 0x00000000c2b00000, 0x00000000eab00000)
  object space 44032K, 82% used [0x00000000c0000000,0x00000000c235b458,0x00000000c2b00000)
 Metaspace       used 7951K, capacity 8130K, committed 8320K, reserved 1056768K
  class space    used 791K, capacity 818K, committed 896K, reserved 1048576K
}
Event: 16.516 GC heap before
{Heap before GC invocations=10 (full 1):
 PSYoungGen      total 77312K, used 12782K [0x00000000eab00000, 0x00000000f0400000, 0x0000000100000000)
  eden space 64512K, 0% used [0x00000000eab00000,0x00000000eab00000,0x00000000eea00000)
  from space 12800K, 99% used [0x00000000eea00000,0x00000000ef67bad0,0x00000000ef680000)
  to   space 11776K, 0% used [0x00000000ef680000,0x00000000ef680000,0x00000000f0200000)
 ParOldGen       total 44032K, used 36205K [0x00000000c0000000, 0x00000000c2b00000, 0x00000000eab00000)
  object space 44032K, 82% used [0x00000000c0000000,0x00000000c235b458,0x00000000c2b00000)
 Metaspace       used 7951K, capacity 8130K, committed 8320K, reserved 1056768K
  class space    used 791K, capacity 818K, committed 896K, reserved 1048576K
Event: 16.566 GC heap after
Heap after GC invocations=10 (full 1):
 PSYoungGen      total 77312K, used 0K [0x00000000eab00000, 0x00000000f0400000, 0x0000000100000000)
  eden space 64512K, 0% used [0x00000000eab00000,0x00000000eab00000,0x00000000eea00000)
  from space 12800K, 0% used [0x00000000eea00000,0x00000000eea00000,0x00000000ef680000)
  to   space 11776K, 0% used [0x00000000ef680000,0x00000000ef680000,0x00000000f0200000)
 ParOldGen       total 44032K, used 18617K [0x00000000c0000000, 0x00000000c2b00000, 0x00000000eab00000)
  object space 44032K, 42% used [0x00000000c0000000,0x00000000c122e758,0x00000000c2b00000)
 Metaspace       used 7951K, capacity 8130K, committed 8320K, reserved 1056768K
  class space    used 791K, capacity 818K, committed 896K, reserved 1048576K
}

